Determining if the pthread_create exist failed with the following output:
Change Dir: /home/htil/Documents/bdr-cfc8271e0834a2481b4018a760c212cd3ca15cc9/bdr_ws/build/CMakeFiles/CMakeTmp

Run Build Command:"/usr/bin/make" "cmTC_11873/fast"
/usr/bin/make -f CMakeFiles/cmTC_11873.dir/build.make CMakeFiles/cmTC_11873.dir/build
make[1]: Entering directory '/home/htil/Documents/bdr-cfc8271e0834a2481b4018a760c212cd3ca15cc9/bdr_ws/build/CMakeFiles/CMakeTmp'
Building C object CMakeFiles/cmTC_11873.dir/CheckSymbolExists.c.o
/usr/bin/cc     -o CMakeFiles/cmTC_11873.dir/CheckSymbolExists.c.o   -c /home/htil/Documents/bdr-cfc8271e0834a2481b4018a760c212cd3ca15cc9/bdr_ws/build/CMakeFiles/CMakeTmp/CheckSymbolExists.c
Linking C executable cmTC_11873
/usr/bin/cmake -E cmake_link_script CMakeFiles/cmTC_11873.dir/link.txt --verbose=1
/usr/bin/cc       CMakeFiles/cmTC_11873.dir/CheckSymbolExists.c.o  -o cmTC_11873 -rdynamic 
CMakeFiles/cmTC_11873.dir/CheckSymbolExists.c.o: In function `main':
CheckSymbolExists.c:(.text+0x16): undefined reference to `pthread_create'
collect2: error: ld returned 1 exit status
CMakeFiles/cmTC_11873.dir/build.make:97: recipe for target 'cmTC_11873' failed
make[1]: *** [cmTC_11873] Error 1
make[1]: Leaving directory '/home/htil/Documents/bdr-cfc8271e0834a2481b4018a760c212cd3ca15cc9/bdr_ws/build/CMakeFiles/CMakeTmp'
Makefile:126: recipe for target 'cmTC_11873/fast' failed
make: *** [cmTC_11873/fast] Error 2

File /home/htil/Documents/bdr-cfc8271e0834a2481b4018a760c212cd3ca15cc9/bdr_ws/build/CMakeFiles/CMakeTmp/CheckSymbolExists.c:
/* */
#include <pthread.h>

int main(int argc, char** argv)
{
  (void)argv;
#ifndef pthread_create
  return ((int*)(&pthread_create))[argc];
#else
  (void)argc;
  return 0;
#endif
}

Determining if the function pthread_create exists in the pthreads failed with the following output:
Change Dir: /home/htil/Documents/bdr-cfc8271e0834a2481b4018a760c212cd3ca15cc9/bdr_ws/build/CMakeFiles/CMakeTmp

Run Build Command:"/usr/bin/make" "cmTC_21644/fast"
/usr/bin/make -f CMakeFiles/cmTC_21644.dir/build.make CMakeFiles/cmTC_21644.dir/build
make[1]: Entering directory '/home/htil/Documents/bdr-cfc8271e0834a2481b4018a760c212cd3ca15cc9/bdr_ws/build/CMakeFiles/CMakeTmp'
Building C object CMakeFiles/cmTC_21644.dir/CheckFunctionExists.c.o
/usr/bin/cc    -DCHECK_FUNCTION_EXISTS=pthread_create   -o CMakeFiles/cmTC_21644.dir/CheckFunctionExists.c.o   -c /usr/share/cmake-3.5/Modules/CheckFunctionExists.c
Linking C executable cmTC_21644
/usr/bin/cmake -E cmake_link_script CMakeFiles/cmTC_21644.dir/link.txt --verbose=1
/usr/bin/cc   -DCHECK_FUNCTION_EXISTS=pthread_create    CMakeFiles/cmTC_21644.dir/CheckFunctionExists.c.o  -o cmTC_21644 -rdynamic -lpthreads 
/usr/bin/ld: cannot find -lpthreads
collect2: error: ld returned 1 exit status
CMakeFiles/cmTC_21644.dir/build.make:97: recipe for target 'cmTC_21644' failed
make[1]: *** [cmTC_21644] Error 1
make[1]: Leaving directory '/home/htil/Documents/bdr-cfc8271e0834a2481b4018a760c212cd3ca15cc9/bdr_ws/build/CMakeFiles/CMakeTmp'
Makefile:126: recipe for target 'cmTC_21644/fast' failed
make: *** [cmTC_21644/fast] Error 2


Determining if the pthread_create exist failed with the following output:
Change Dir: /home/htil/bdr/bdr_ws/build/CMakeFiles/CMakeTmp

Run Build Command:"/usr/bin/make" "cmTC_3f22f/fast"
/usr/bin/make -f CMakeFiles/cmTC_3f22f.dir/build.make CMakeFiles/cmTC_3f22f.dir/build
make[1]: Entering directory '/home/htil/bdr/bdr_ws/build/CMakeFiles/CMakeTmp'
Building C object CMakeFiles/cmTC_3f22f.dir/CheckSymbolExists.c.o
/usr/bin/cc     -o CMakeFiles/cmTC_3f22f.dir/CheckSymbolExists.c.o   -c /home/htil/bdr/bdr_ws/build/CMakeFiles/CMakeTmp/CheckSymbolExists.c
Linking C executable cmTC_3f22f
/usr/bin/cmake -E cmake_link_script CMakeFiles/cmTC_3f22f.dir/link.txt --verbose=1
/usr/bin/cc       CMakeFiles/cmTC_3f22f.dir/CheckSymbolExists.c.o  -o cmTC_3f22f -rdynamic 
CMakeFiles/cmTC_3f22f.dir/CheckSymbolExists.c.o: In function `main':
CheckSymbolExists.c:(.text+0x16): undefined reference to `pthread_create'
collect2: error: ld returned 1 exit status
CMakeFiles/cmTC_3f22f.dir/build.make:97: recipe for target 'cmTC_3f22f' failed
make[1]: *** [cmTC_3f22f] Error 1
make[1]: Leaving directory '/home/htil/bdr/bdr_ws/build/CMakeFiles/CMakeTmp'
Makefile:126: recipe for target 'cmTC_3f22f/fast' failed
make: *** [cmTC_3f22f/fast] Error 2

File /home/htil/bdr/bdr_ws/build/CMakeFiles/CMakeTmp/CheckSymbolExists.c:
/* */
#include <pthread.h>

int main(int argc, char** argv)
{
  (void)argv;
#ifndef pthread_create
  return ((int*)(&pthread_create))[argc];
#else
  (void)argc;
  return 0;
#endif
}

Determining if the function pthread_create exists in the pthreads failed with the following output:
Change Dir: /home/htil/bdr/bdr_ws/build/CMakeFiles/CMakeTmp

Run Build Command:"/usr/bin/make" "cmTC_ba2ca/fast"
/usr/bin/make -f CMakeFiles/cmTC_ba2ca.dir/build.make CMakeFiles/cmTC_ba2ca.dir/build
make[1]: Entering directory '/home/htil/bdr/bdr_ws/build/CMakeFiles/CMakeTmp'
Building C object CMakeFiles/cmTC_ba2ca.dir/CheckFunctionExists.c.o
/usr/bin/cc    -DCHECK_FUNCTION_EXISTS=pthread_create   -o CMakeFiles/cmTC_ba2ca.dir/CheckFunctionExists.c.o   -c /usr/share/cmake-3.5/Modules/CheckFunctionExists.c
Linking C executable cmTC_ba2ca
/usr/bin/cmake -E cmake_link_script CMakeFiles/cmTC_ba2ca.dir/link.txt --verbose=1
/usr/bin/cc   -DCHECK_FUNCTION_EXISTS=pthread_create    CMakeFiles/cmTC_ba2ca.dir/CheckFunctionExists.c.o  -o cmTC_ba2ca -rdynamic -lpthreads 
/usr/bin/ld: cannot find -lpthreads
collect2: error: ld returned 1 exit status
CMakeFiles/cmTC_ba2ca.dir/build.make:97: recipe for target 'cmTC_ba2ca' failed
make[1]: *** [cmTC_ba2ca] Error 1
make[1]: Leaving directory '/home/htil/bdr/bdr_ws/build/CMakeFiles/CMakeTmp'
Makefile:126: recipe for target 'cmTC_ba2ca/fast' failed
make: *** [cmTC_ba2ca/fast] Error 2


